
/home/runner/work/exp-equivalence-pa-cfg-iiith/exp-equivalence-pa-cfg-iiith/experiment/simulation/js/cfg-visualizer.js
    7:26  warning  'd3' is not defined                                    no-undef
   97:15  warning  'derivationString' is assigned a value but never used  no-unused-vars
  263:34  warning  'index' is defined but never used                      no-unused-vars

/home/runner/work/exp-equivalence-pa-cfg-iiith/exp-equivalence-pa-cfg-iiith/experiment/simulation/js/data.js
  1054:38  warning  'module' is not defined  no-undef
  1055:5   warning  'module' is not defined  no-undef

/home/runner/work/exp-equivalence-pa-cfg-iiith/exp-equivalence-pa-cfg-iiith/experiment/simulation/js/helper.js
   16:32  warning  'equivalenceData' is not defined         no-undef
  215:64  warning  'stackAction' is defined but never used  no-unused-vars
  241:30  warning  'equivalenceData' is not defined         no-undef
  245:28  warning  'equivalenceData' is not defined         no-undef
  246:20  warning  'equivalenceData' is not defined         no-undef
  249:16  warning  'equivalenceData' is not defined         no-undef

/home/runner/work/exp-equivalence-pa-cfg-iiith/exp-equivalence-pa-cfg-iiith/experiment/simulation/js/interactive.js
    6:27  warning  'EquivalenceHelper' is not defined  no-undef
   22:34  warning  'PDAVisualizer' is not defined      no-undef
   26:34  warning  'CFGVisualizer' is not defined      no-undef
   86:31  warning  'equivalenceData' is not defined    no-undef
   98:71  warning  'equivalenceData' is not defined    no-undef
   99:30  warning  'equivalenceData' is not defined    no-undef
  106:9   warning  'UIHelper' is not defined           no-undef
  116:9   warning  'UIHelper' is not defined           no-undef
  124:13  warning  'UIHelper' is not defined           no-undef
  126:13  warning  'UIHelper' is not defined           no-undef
  136:9   warning  'UIHelper' is not defined           no-undef
  252:39  warning  'index' is defined but never used   no-unused-vars
  317:13  warning  'UIHelper' is not defined           no-undef
  457:13  warning  'UIHelper' is not defined           no-undef
  492:17  warning  'UIHelper' is not defined           no-undef
  574:13  warning  'UIHelper' is not defined           no-undef
  576:13  warning  'UIHelper' is not defined           no-undef
  662:9   warning  'UIHelper' is not defined           no-undef
  670:17  warning  'UIHelper' is not defined           no-undef

/home/runner/work/exp-equivalence-pa-cfg-iiith/exp-equivalence-pa-cfg-iiith/experiment/simulation/js/main.js
   27:35  warning  'InteractiveController' is not defined  no-undef
   89:50  warning  'event' is defined but never used       no-unused-vars
  187:53  warning  'e' is defined but never used           no-unused-vars
  376:9   warning  'swal' is not defined                   no-undef
  424:9   warning  'swal' is not defined                   no-undef
  440:9   warning  'swal' is not defined                   no-undef
  469:21  warning  'UIHelper' is not defined               no-undef
  471:21  warning  'UIHelper' is not defined               no-undef
  476:13  warning  'UIHelper' is not defined               no-undef
  483:9   warning  'swal' is not defined                   no-undef
  496:24  warning  'equivalenceData' is not defined        no-undef
  526:9   warning  'UIHelper' is not defined               no-undef

/home/runner/work/exp-equivalence-pa-cfg-iiith/exp-equivalence-pa-cfg-iiith/experiment/simulation/js/pda-visualizer.js
     7:26  warning  'd3' is not defined                no-undef
    10:30  warning  'd3' is not defined                no-undef
   283:51  warning  'index' is defined but never used  no-unused-vars
   305:42  warning  'key' is defined but never used    no-unused-vars
   313:42  warning  'key' is defined but never used    no-unused-vars
   813:26  warning  'd3' is not defined                no-undef
   858:36  warning  'd3' is not defined                no-undef
   919:31  warning  'i' is defined but never used      no-unused-vars
   920:41  warning  'd3' is not defined                no-undef
  1027:28  warning  'd' is defined but never used      no-unused-vars
  1027:31  warning  'i' is defined but never used      no-unused-vars
  1028:41  warning  'd3' is not defined                no-undef

/home/runner/work/exp-equivalence-pa-cfg-iiith/exp-equivalence-pa-cfg-iiith/experiment/simulation/mobile_detection.js
  393:7   warning  'mobileDetection' is assigned a value but never used  no-unused-vars
  396:38  warning  'module' is not defined                               no-undef
  397:3   warning  'module' is not defined                               no-undef

✖ 57 problems (0 errors, 57 warnings)

